24/06/02 14:41:14.827 nioEventLoopGroup-2-2 INFO HiveConf: Found configuration file file:/C:/Users/milos/AppData/Local/spark/spark-3.5.1-bin-hadoop3/conf/hive-site.xml
24/06/02 14:41:14.949 nioEventLoopGroup-2-2 INFO SparkContext: Running Spark version 3.5.1
24/06/02 14:41:14.949 nioEventLoopGroup-2-2 INFO SparkContext: OS info Windows 10, 10.0, amd64
24/06/02 14:41:14.949 nioEventLoopGroup-2-2 INFO SparkContext: Java version 17.0.5
24/06/02 14:41:14.967 nioEventLoopGroup-2-2 WARN NativeCodeLoader: Unable to load native-hadoop library for your platform... using builtin-java classes where applicable
24/06/02 14:41:15.218 nioEventLoopGroup-2-2 WARN SparkConf: Note that spark.local.dir will be overridden by the value set by the cluster manager (via SPARK_LOCAL_DIRS in mesos/standalone/kubernetes and LOCAL_DIRS in YARN).
24/06/02 14:41:15.237 nioEventLoopGroup-2-2 INFO ResourceUtils: ==============================================================
24/06/02 14:41:15.237 nioEventLoopGroup-2-2 INFO ResourceUtils: No custom resources configured for spark.driver.
24/06/02 14:41:15.237 nioEventLoopGroup-2-2 INFO ResourceUtils: ==============================================================
24/06/02 14:41:15.238 nioEventLoopGroup-2-2 INFO SparkContext: Submitted application: sparklyr
24/06/02 14:41:15.254 nioEventLoopGroup-2-2 INFO ResourceProfile: Default ResourceProfile created, executor resources: Map(cores -> name: cores, amount: 1, script: , vendor: , memory -> name: memory, amount: 5120, script: , vendor: , offHeap -> name: offHeap, amount: 0, script: , vendor: ), task resources: Map(cpus -> name: cpus, amount: 1.0)
24/06/02 14:41:15.261 nioEventLoopGroup-2-2 INFO ResourceProfile: Limiting resource is cpu
24/06/02 14:41:15.261 nioEventLoopGroup-2-2 INFO ResourceProfileManager: Added ResourceProfile id: 0
24/06/02 14:41:15.299 nioEventLoopGroup-2-2 INFO SecurityManager: Changing view acls to: milos
24/06/02 14:41:15.300 nioEventLoopGroup-2-2 INFO SecurityManager: Changing modify acls to: milos
24/06/02 14:41:15.300 nioEventLoopGroup-2-2 INFO SecurityManager: Changing view acls groups to: 
24/06/02 14:41:15.300 nioEventLoopGroup-2-2 INFO SecurityManager: Changing modify acls groups to: 
24/06/02 14:41:15.300 nioEventLoopGroup-2-2 INFO SecurityManager: SecurityManager: authentication disabled; ui acls disabled; users with view permissions: milos; groups with view permissions: EMPTY; users with modify permissions: milos; groups with modify permissions: EMPTY
24/06/02 14:41:15.382 nioEventLoopGroup-2-2 INFO Utils: Successfully started service 'sparkDriver' on port 50886.
24/06/02 14:41:15.400 nioEventLoopGroup-2-2 INFO SparkEnv: Registering MapOutputTracker
24/06/02 14:41:15.431 nioEventLoopGroup-2-2 INFO SparkEnv: Registering BlockManagerMaster
24/06/02 14:41:15.449 nioEventLoopGroup-2-2 INFO BlockManagerMasterEndpoint: Using org.apache.spark.storage.DefaultTopologyMapper for getting topology information
24/06/02 14:41:15.449 nioEventLoopGroup-2-2 INFO BlockManagerMasterEndpoint: BlockManagerMasterEndpoint up
24/06/02 14:41:15.452 nioEventLoopGroup-2-2 INFO SparkEnv: Registering BlockManagerMasterHeartbeat
24/06/02 14:41:15.473 nioEventLoopGroup-2-2 INFO DiskBlockManager: Created local directory at C:\Users\milos\AppData\Local\spark\spark-3.5.1-bin-hadoop3\tmp\local\blockmgr-d288212a-51ba-4063-bb57-0f1040bf36d1
24/06/02 14:41:15.494 nioEventLoopGroup-2-2 INFO MemoryStore: MemoryStore started with capacity 1048.8 MiB
24/06/02 14:41:15.511 nioEventLoopGroup-2-2 INFO SparkEnv: Registering OutputCommitCoordinator
24/06/02 14:41:15.514 nioEventLoopGroup-2-2 WARN Utils: The configured local directories are not expected to be URIs; however, got suspicious values [C:/Users/milos/AppData/Local/spark/spark-3.5.1-bin-hadoop3/tmp/local]. Please check your configured local directories.
24/06/02 14:41:15.605 nioEventLoopGroup-2-2 INFO JettyUtils: Start Jetty 0.0.0.0:4040 for SparkUI
24/06/02 14:41:15.665 nioEventLoopGroup-2-2 INFO Utils: Successfully started service 'SparkUI' on port 4040.
24/06/02 14:41:15.696 nioEventLoopGroup-2-2 INFO SparkContext: Added JAR file:/C:/Users/milos/AppData/Local/R/win-library/4.4/sparklyr/java/sparklyr-master-2.12.jar at spark://DESKTOP-DUQ33BM.mshome.net:50886/jars/sparklyr-master-2.12.jar with timestamp 1717332074944
24/06/02 14:41:15.749 nioEventLoopGroup-2-2 INFO Executor: Starting executor ID driver on host DESKTOP-DUQ33BM.mshome.net
24/06/02 14:41:15.749 nioEventLoopGroup-2-2 INFO Executor: OS info Windows 10, 10.0, amd64
24/06/02 14:41:15.750 nioEventLoopGroup-2-2 INFO Executor: Java version 17.0.5
24/06/02 14:41:15.755 nioEventLoopGroup-2-2 INFO Executor: Starting executor with user classpath (userClassPathFirst = false): ''
24/06/02 14:41:15.755 nioEventLoopGroup-2-2 INFO Executor: Created or updated repl class loader org.apache.spark.util.MutableURLClassLoader@830e8c6 for default.
24/06/02 14:41:15.763 nioEventLoopGroup-2-2 INFO Executor: Fetching spark://DESKTOP-DUQ33BM.mshome.net:50886/jars/sparklyr-master-2.12.jar with timestamp 1717332074944
24/06/02 14:41:15.793 nioEventLoopGroup-2-2 INFO TransportClientFactory: Successfully created connection to DESKTOP-DUQ33BM.mshome.net/172.22.144.1:50886 after 10 ms (0 ms spent in bootstraps)
24/06/02 14:41:15.797 nioEventLoopGroup-2-2 INFO Utils: Fetching spark://DESKTOP-DUQ33BM.mshome.net:50886/jars/sparklyr-master-2.12.jar to C:\Users\milos\AppData\Local\spark\spark-3.5.1-bin-hadoop3\tmp\local\spark-290202df-13a8-43b8-bdf0-a06c9f6b5d46\userFiles-7e66c83e-b07e-4a85-aefd-59a26c838253\fetchFileTemp435630468489491070.tmp
24/06/02 14:41:15.861 nioEventLoopGroup-2-2 INFO Executor: Adding file:/C:/Users/milos/AppData/Local/spark/spark-3.5.1-bin-hadoop3/tmp/local/spark-290202df-13a8-43b8-bdf0-a06c9f6b5d46/userFiles-7e66c83e-b07e-4a85-aefd-59a26c838253/sparklyr-master-2.12.jar to class loader default
24/06/02 14:41:15.872 nioEventLoopGroup-2-2 INFO Utils: Successfully started service 'org.apache.spark.network.netty.NettyBlockTransferService' on port 50888.
24/06/02 14:41:15.872 nioEventLoopGroup-2-2 INFO NettyBlockTransferService: Server created on DESKTOP-DUQ33BM.mshome.net:50888
24/06/02 14:41:15.874 nioEventLoopGroup-2-2 INFO BlockManager: Using org.apache.spark.storage.RandomBlockReplicationPolicy for block replication policy
24/06/02 14:41:15.879 nioEventLoopGroup-2-2 INFO BlockManagerMaster: Registering BlockManager BlockManagerId(driver, DESKTOP-DUQ33BM.mshome.net, 50888, None)
24/06/02 14:41:15.882 dispatcher-BlockManagerMaster INFO BlockManagerMasterEndpoint: Registering block manager DESKTOP-DUQ33BM.mshome.net:50888 with 1048.8 MiB RAM, BlockManagerId(driver, DESKTOP-DUQ33BM.mshome.net, 50888, None)
24/06/02 14:41:15.884 nioEventLoopGroup-2-2 INFO BlockManagerMaster: Registered BlockManager BlockManagerId(driver, DESKTOP-DUQ33BM.mshome.net, 50888, None)
24/06/02 14:41:15.884 nioEventLoopGroup-2-2 INFO BlockManager: Initialized BlockManager: BlockManagerId(driver, DESKTOP-DUQ33BM.mshome.net, 50888, None)
24/06/02 14:41:16.074 nioEventLoopGroup-2-2 INFO SharedState: Setting hive.metastore.warehouse.dir ('C:/Users/milos/AppData/Local/spark/spark-3.5.1-bin-hadoop3/tmp/hive') to the value of spark.sql.warehouse.dir.
24/06/02 14:41:16.080 nioEventLoopGroup-2-2 INFO SharedState: Warehouse path is 'file:/C:/Users/milos/AppData/Local/spark/spark-3.5.1-bin-hadoop3/tmp/hive'.
